2023-05-03 18:38:28,137 [main] JP.co.esm.caddies.jomt.Jude <INFO> - #### === UML 8.5.0 / 39c620 ==============================
2023-05-03 18:38:28,140 [main] JP.co.esm.caddies.jomt.Jude <INFO> - start program args []
2023-05-03 18:38:28,333 [main] JP.co.esm.caddies.jomt.Jude <INFO> - start vm args [-Djava.library.path=/Applications/astah UML/astah UML.app/Contents/MacOS, -DLibraryDirectory=/Users/juliaandrade/Library, -DDocumentsDirectory=/Users/juliaandrade/Documents, -DApplicationSupportDirectory=/Users/juliaandrade/Library/Application Support, -DCachesDirectory=/Users/juliaandrade/Library/Caches, -DApplicationDirectory=/Users/juliaandrade/Applications, -DAutosavedInformationDirectory=/Users/juliaandrade/Library/Autosave Information, -DDesktopDirectory=/Users/juliaandrade/Desktop, -DDownloadsDirectory=/Users/juliaandrade/Downloads, -DMoviesDirectory=/Users/juliaandrade/Movies, -DMusicDirectory=/Users/juliaandrade/Music, -DPicturesDirectory=/Users/juliaandrade/Pictures, -DSharedPublicDirectory=/Users/juliaandrade/Public, -DSystemLibraryDirectory=/Library, -DSystemApplicationSupportDirectory=/Library/Application Support, -DSystemCachesDirectory=/Library/Caches, -DSystemApplicationDirectory=/Applications, -DSystemUserDirectory=/Users, -DUserHome=/Users/juliaandrade, -DSandboxEnabled=true, -DDarkMode=false, -DLaunchModifierFlags=0, -DLaunchModifierFlagCapsLock=false, -DLaunchModifierFlagShift=false, -DLaunchModifierFlagControl=false, -DLaunchModifierFlagOption=false, -DLaunchModifierFlagCommand=false, -DLaunchModifierFlagNumericPad=false, -DLaunchModifierFlagHelp=false, -DLaunchModifierFlagFunction=false, -Xms16m, -Djava.library.path=/Applications/astah UML/astah UML.app/Contents/java/lib/rlm, -Dapple.laf.useScreenMenuBar=true, -Xmx1024m]
2023-05-03 18:38:28,336 [main] JP.co.esm.caddies.jomt.jsystem.k <INFO> - jude property file not found. It is created at the time of the end of application.
2023-05-03 18:38:30,985 [AWT-EventQueue-0] JP.co.esm.caddies.jomt.jview.swing.f <INFO> - maybe initial value of system property.
2023-05-03 18:41:02,386 [AWT-EventQueue-0] JP.co.esm.caddies.uml.mindmap.MMUserIconManager <INFO> - file: /Users/juliaandrade/.astah/uml/JudeMMUserIconP.xml
2023-05-03 18:42:41,401 [AWT-EventQueue-0] JP.co.esm.caddies.uml.mindmap.MMUserIconManager <INFO> - file: /Users/juliaandrade/.astah/uml/JudeMMUserIconP.xml
2023-05-03 18:42:41,408 [AWT-EventQueue-0] JP.co.esm.caddies.uml.mindmap.MMUserIconManager <INFO> - file: /Users/juliaandrade/.astah/uml/JudeMMUserIconP.xml
2023-05-03 18:42:41,411 [AWT-EventQueue-0] JP.co.esm.caddies.jomt.jutil.m <INFO> - stack=5m
2023-05-04 02:43:04,249 [AWT-EventQueue-0] JP.co.esm.caddies.jomt.MacJude <INFO> - start MacJude
2023-05-04 02:43:05,758 [AWT-EventQueue-0] JP.co.esm.caddies.jomt.MacJude <INFO> - start MacJude
2023-05-04 02:43:05,779 [main] JP.co.esm.caddies.jomt.Jude <INFO> - #### === UML 8.5.0 / 39c620 ==============================
2023-05-04 02:43:05,779 [main] JP.co.esm.caddies.jomt.Jude <INFO> - start program args []
2023-05-04 02:43:05,786 [main] JP.co.esm.caddies.jomt.Jude <INFO> - start vm args [-Djava.library.path=/Applications/astah UML/astah UML.app/Contents/MacOS, -DLibraryDirectory=/Users/juliaandrade/Library, -DDocumentsDirectory=/Users/juliaandrade/Documents, -DApplicationSupportDirectory=/Users/juliaandrade/Library/Application Support, -DCachesDirectory=/Users/juliaandrade/Library/Caches, -DApplicationDirectory=/Users/juliaandrade/Applications, -DAutosavedInformationDirectory=/Users/juliaandrade/Library/Autosave Information, -DDesktopDirectory=/Users/juliaandrade/Desktop, -DDownloadsDirectory=/Users/juliaandrade/Downloads, -DMoviesDirectory=/Users/juliaandrade/Movies, -DMusicDirectory=/Users/juliaandrade/Music, -DPicturesDirectory=/Users/juliaandrade/Pictures, -DSharedPublicDirectory=/Users/juliaandrade/Public, -DSystemLibraryDirectory=/Library, -DSystemApplicationSupportDirectory=/Library/Application Support, -DSystemCachesDirectory=/Library/Caches, -DSystemApplicationDirectory=/Applications, -DSystemUserDirectory=/Users, -DUserHome=/Users/juliaandrade, -DSandboxEnabled=true, -DDarkMode=false, -DLaunchModifierFlags=0, -DLaunchModifierFlagCapsLock=false, -DLaunchModifierFlagShift=false, -DLaunchModifierFlagControl=false, -DLaunchModifierFlagOption=false, -DLaunchModifierFlagCommand=false, -DLaunchModifierFlagNumericPad=false, -DLaunchModifierFlagHelp=false, -DLaunchModifierFlagFunction=false, -Xms16m, -Djava.library.path=/Applications/astah UML/astah UML.app/Contents/java/lib/rlm, -Dapple.laf.useScreenMenuBar=true, -Xmx1024m]
2023-05-04 02:43:05,788 [main] JP.co.esm.caddies.jomt.jsystem.k <INFO> - jude property file not found. It is created at the time of the end of application.
2023-05-04 02:43:07,513 [AWT-EventQueue-0] JP.co.esm.caddies.jomt.jview.swing.f <INFO> - maybe initial value of system property.
2023-05-04 02:43:17,830 [AWT-EventQueue-0] JP.co.esm.caddies.jomt.jutil.m <INFO> - stack=5m
2023-05-04 15:28:14,397 [AWT-EventQueue-0] JP.co.esm.caddies.golf.model.EntityStore <INFO> - saveAs: /Users/juliaandrade/UseCase Diagram - porto.asta
2023-05-04 15:55:30,420 [AWT-EventQueue-0] JP.co.esm.caddies.golf.model.EntityStore <INFO> - saveAs: /Users/juliaandrade/UseCase Diagram - porto.asta
2023-05-04 15:55:32,103 [AWT-EventQueue-0] JP.co.esm.caddies.golf.model.EntityStore <INFO> - saveAs: /Users/juliaandrade/UseCase Diagram - porto.asta
2023-05-04 15:55:34,592 [AWT-EventQueue-0] JP.co.esm.caddies.golf.model.EntityStore <INFO> - saveAs: /Users/juliaandrade/UseCase Diagram - porto.asta
2023-05-04 15:55:36,935 [AWT-EventQueue-0] JP.co.esm.caddies.golf.model.EntityStore <INFO> - saveAs: /Users/juliaandrade/UseCase Diagram - porto.asta
2023-05-04 15:55:40,294 [AWT-EventQueue-0] JP.co.esm.caddies.golf.model.EntityStore <INFO> - saveAs: /Users/juliaandrade/UseCase Diagram - porto.asta
2023-05-07 16:53:17,201 [AWT-EventQueue-0] JP.co.esm.caddies.uml.mindmap.MMUserIconManager <INFO> - file: /Users/juliaandrade/.astah/uml/JudeMMUserIconP.xml
2023-05-07 16:53:17,214 [AWT-EventQueue-0] JP.co.esm.caddies.uml.mindmap.MMUserIconManager <INFO> - file: /Users/juliaandrade/.astah/uml/JudeMMUserIconP.xml
2023-05-07 16:53:17,254 [AWT-EventQueue-0] JP.co.esm.caddies.jomt.jsystem.k <INFO> - file: /Users/juliaandrade/.astah/uml/JudeU.properties
2023-05-07 16:53:17,259 [AWT-EventQueue-0] JP.co.esm.caddies.jomt.jutil.JomtUtilities2 <INFO> - file: /Users/juliaandrade/.astah/uml/astah_command.log
2023-05-09 16:33:22,817 [AWT-EventQueue-0] JP.co.esm.caddies.golf.model.EntityStore <INFO> - saveAs: /Users/juliaandrade/UseCase Diagram - porto.asta
2023-05-09 16:33:29,022 [AWT-EventQueue-0] JP.co.esm.caddies.golf.model.EntityStore <INFO> - saveAs: /Users/juliaandrade/UseCase Diagram - porto.asta
2023-05-11 21:07:32,016 [main] JP.co.esm.caddies.jomt.Jude <INFO> - #### === UML 8.5.0 / 39c620 ==============================
2023-05-11 21:07:32,022 [main] JP.co.esm.caddies.jomt.Jude <INFO> - start program args []
2023-05-11 21:07:32,233 [main] JP.co.esm.caddies.jomt.Jude <INFO> - start vm args [-Djava.library.path=/Applications/astah UML/astah UML.app/Contents/MacOS, -DLibraryDirectory=/Users/juliaandrade/Library, -DDocumentsDirectory=/Users/juliaandrade/Documents, -DApplicationSupportDirectory=/Users/juliaandrade/Library/Application Support, -DCachesDirectory=/Users/juliaandrade/Library/Caches, -DApplicationDirectory=/Users/juliaandrade/Applications, -DAutosavedInformationDirectory=/Users/juliaandrade/Library/Autosave Information, -DDesktopDirectory=/Users/juliaandrade/Desktop, -DDownloadsDirectory=/Users/juliaandrade/Downloads, -DMoviesDirectory=/Users/juliaandrade/Movies, -DMusicDirectory=/Users/juliaandrade/Music, -DPicturesDirectory=/Users/juliaandrade/Pictures, -DSharedPublicDirectory=/Users/juliaandrade/Public, -DSystemLibraryDirectory=/Library, -DSystemApplicationSupportDirectory=/Library/Application Support, -DSystemCachesDirectory=/Library/Caches, -DSystemApplicationDirectory=/Applications, -DSystemUserDirectory=/Users, -DUserHome=/Users/juliaandrade, -DSandboxEnabled=true, -DDarkMode=false, -DLaunchModifierFlags=0, -DLaunchModifierFlagCapsLock=false, -DLaunchModifierFlagShift=false, -DLaunchModifierFlagControl=false, -DLaunchModifierFlagOption=false, -DLaunchModifierFlagCommand=false, -DLaunchModifierFlagNumericPad=false, -DLaunchModifierFlagHelp=false, -DLaunchModifierFlagFunction=false, -Xms16m, -Djava.library.path=/Applications/astah UML/astah UML.app/Contents/java/lib/rlm, -Dapple.laf.useScreenMenuBar=true, -Xmx1024m]
2023-05-11 21:07:43,829 [AWT-EventQueue-0] JP.co.esm.caddies.jomt.jview.swing.f <INFO> - invalid value. y is negative. y:0, displayOriginY:25.0
2023-05-11 23:34:08,314 [AWT-EventQueue-0] JP.co.esm.caddies.jomt.jsystem.k <INFO> - file: /Users/juliaandrade/.astah/uml/JudeU.properties
2023-05-11 23:34:08,328 [AWT-EventQueue-0] JP.co.esm.caddies.jomt.jutil.JomtUtilities2 <INFO> - file: /Users/juliaandrade/.astah/uml/astah_command.log
2023-05-11 23:34:08,360 [AWT-EventQueue-0] JP.co.esm.caddies.jomt.jutil.m <INFO> - stack=5m
2023-05-15 08:58:40,439 [main] JP.co.esm.caddies.jomt.Jude <INFO> - #### === UML 8.5.0 / 39c620 ==============================
2023-05-15 08:58:40,444 [main] JP.co.esm.caddies.jomt.Jude <INFO> - start program args []
2023-05-15 08:58:40,961 [main] JP.co.esm.caddies.jomt.Jude <INFO> - start vm args [-Djava.library.path=/Applications/astah UML/astah UML.app/Contents/MacOS, -DLibraryDirectory=/Users/juliaandrade/Library, -DDocumentsDirectory=/Users/juliaandrade/Documents, -DApplicationSupportDirectory=/Users/juliaandrade/Library/Application Support, -DCachesDirectory=/Users/juliaandrade/Library/Caches, -DApplicationDirectory=/Users/juliaandrade/Applications, -DAutosavedInformationDirectory=/Users/juliaandrade/Library/Autosave Information, -DDesktopDirectory=/Users/juliaandrade/Desktop, -DDownloadsDirectory=/Users/juliaandrade/Downloads, -DMoviesDirectory=/Users/juliaandrade/Movies, -DMusicDirectory=/Users/juliaandrade/Music, -DPicturesDirectory=/Users/juliaandrade/Pictures, -DSharedPublicDirectory=/Users/juliaandrade/Public, -DSystemLibraryDirectory=/Library, -DSystemApplicationSupportDirectory=/Library/Application Support, -DSystemCachesDirectory=/Library/Caches, -DSystemApplicationDirectory=/Applications, -DSystemUserDirectory=/Users, -DUserHome=/Users/juliaandrade, -DSandboxEnabled=true, -DDarkMode=false, -DLaunchModifierFlags=0, -DLaunchModifierFlagCapsLock=false, -DLaunchModifierFlagShift=false, -DLaunchModifierFlagControl=false, -DLaunchModifierFlagOption=false, -DLaunchModifierFlagCommand=false, -DLaunchModifierFlagNumericPad=false, -DLaunchModifierFlagHelp=false, -DLaunchModifierFlagFunction=false, -Xms16m, -Djava.library.path=/Applications/astah UML/astah UML.app/Contents/java/lib/rlm, -Dapple.laf.useScreenMenuBar=true, -Xmx1024m]
2023-05-15 09:00:21,107 [AWT-EventQueue-0] JP.co.esm.caddies.jomt.jsystem.k <INFO> - file: /Users/juliaandrade/.astah/uml/JudeU.properties
2023-05-15 09:00:21,109 [AWT-EventQueue-0] JP.co.esm.caddies.jomt.jutil.JomtUtilities2 <INFO> - file: /Users/juliaandrade/.astah/uml/astah_command.log
2023-05-15 09:00:21,117 [AWT-EventQueue-0] JP.co.esm.caddies.jomt.jutil.m <INFO> - stack=5m
2023-05-21 16:27:54,008 [main] JP.co.esm.caddies.jomt.Jude <INFO> - #### === UML 8.5.0 / 39c620 ==============================
2023-05-21 16:27:54,015 [main] JP.co.esm.caddies.jomt.Jude <INFO> - start program args []
2023-05-21 16:27:54,038 [main] JP.co.esm.caddies.jomt.Jude <INFO> - start vm args [-Djava.library.path=/Applications/astah UML/astah UML.app/Contents/MacOS, -DLibraryDirectory=/Users/juliaandrade/Library, -DDocumentsDirectory=/Users/juliaandrade/Documents, -DApplicationSupportDirectory=/Users/juliaandrade/Library/Application Support, -DCachesDirectory=/Users/juliaandrade/Library/Caches, -DApplicationDirectory=/Users/juliaandrade/Applications, -DAutosavedInformationDirectory=/Users/juliaandrade/Library/Autosave Information, -DDesktopDirectory=/Users/juliaandrade/Desktop, -DDownloadsDirectory=/Users/juliaandrade/Downloads, -DMoviesDirectory=/Users/juliaandrade/Movies, -DMusicDirectory=/Users/juliaandrade/Music, -DPicturesDirectory=/Users/juliaandrade/Pictures, -DSharedPublicDirectory=/Users/juliaandrade/Public, -DSystemLibraryDirectory=/Library, -DSystemApplicationSupportDirectory=/Library/Application Support, -DSystemCachesDirectory=/Library/Caches, -DSystemApplicationDirectory=/Applications, -DSystemUserDirectory=/Users, -DUserHome=/Users/juliaandrade, -DSandboxEnabled=true, -DDarkMode=false, -DLaunchModifierFlags=0, -DLaunchModifierFlagCapsLock=false, -DLaunchModifierFlagShift=false, -DLaunchModifierFlagControl=false, -DLaunchModifierFlagOption=false, -DLaunchModifierFlagCommand=false, -DLaunchModifierFlagNumericPad=false, -DLaunchModifierFlagHelp=false, -DLaunchModifierFlagFunction=false, -Xms16m, -Djava.library.path=/Applications/astah UML/astah UML.app/Contents/java/lib/rlm, -Dapple.laf.useScreenMenuBar=true, -Xmx1024m]
2023-05-21 16:28:17,708 [AWT-EventQueue-0] JP.co.esm.caddies.uml.mindmap.MMUserIconManager <INFO> - file: /Users/juliaandrade/.astah/uml/JudeMMUserIconP.xml
2023-05-21 16:28:17,716 [AWT-EventQueue-0] JP.co.esm.caddies.uml.mindmap.MMUserIconManager <INFO> - file: /Users/juliaandrade/.astah/uml/JudeMMUserIconP.xml
2023-05-21 16:28:17,718 [AWT-EventQueue-0] JP.co.esm.caddies.jomt.jutil.m <INFO> - stack=5m
2023-05-21 20:27:05,058 [AWT-EventQueue-0] JP.co.esm.caddies.golf.model.EntityStore <INFO> - saveAs: /Users/juliaandrade/Downloads/Class Diagram0.asta
2023-05-21 20:28:40,783 [AWT-EventQueue-0] JP.co.esm.caddies.golf.model.EntityStore <INFO> - saveAs: /Users/juliaandrade/FIAP/Diagrama de classe - Sprint 2.asta
2023-05-21 20:39:04,700 [AWT-EventQueue-0] JP.co.esm.caddies.golf.model.EntityStore <INFO> - saveAs: /Users/juliaandrade/FIAP/Diagrama de classe - Sprint 2.asta
2023-05-21 22:04:01,609 [AWT-EventQueue-0] JP.co.esm.caddies.golf.model.EntityStore <INFO> - saveAs: /Users/juliaandrade/FIAP/Diagrama de classe - Sprint 2.asta
2023-05-21 23:17:37,227 [AWT-EventQueue-0] JP.co.esm.caddies.uml.mindmap.MMUserIconManager <INFO> - file: /Users/juliaandrade/.astah/uml/JudeMMUserIconP.xml
2023-05-21 23:17:37,231 [AWT-EventQueue-0] JP.co.esm.caddies.uml.mindmap.MMUserIconManager <INFO> - file: /Users/juliaandrade/.astah/uml/JudeMMUserIconP.xml
2023-05-21 23:21:30,166 [AWT-EventQueue-0] JP.co.esm.caddies.uml.mindmap.MMUserIconManager <INFO> - file: /Users/juliaandrade/.astah/uml/JudeMMUserIconP.xml
2023-05-21 23:21:30,169 [AWT-EventQueue-0] JP.co.esm.caddies.uml.mindmap.MMUserIconManager <INFO> - file: /Users/juliaandrade/.astah/uml/JudeMMUserIconP.xml
2023-05-21 23:42:14,137 [AWT-EventQueue-0] JP.co.esm.caddies.jomt.MacJude <INFO> - start MacJude
2023-05-21 23:42:16,379 [AWT-EventQueue-0] JP.co.esm.caddies.jomt.MacJude <INFO> - start MacJude
2023-05-21 23:42:16,401 [main] JP.co.esm.caddies.jomt.Jude <INFO> - #### === UML 8.5.0 / 39c620 ==============================
2023-05-21 23:42:16,401 [main] JP.co.esm.caddies.jomt.Jude <INFO> - start program args []
2023-05-21 23:42:16,408 [main] JP.co.esm.caddies.jomt.Jude <INFO> - start vm args [-Djava.library.path=/Applications/astah UML/astah UML.app/Contents/MacOS, -DLibraryDirectory=/Users/juliaandrade/Library, -DDocumentsDirectory=/Users/juliaandrade/Documents, -DApplicationSupportDirectory=/Users/juliaandrade/Library/Application Support, -DCachesDirectory=/Users/juliaandrade/Library/Caches, -DApplicationDirectory=/Users/juliaandrade/Applications, -DAutosavedInformationDirectory=/Users/juliaandrade/Library/Autosave Information, -DDesktopDirectory=/Users/juliaandrade/Desktop, -DDownloadsDirectory=/Users/juliaandrade/Downloads, -DMoviesDirectory=/Users/juliaandrade/Movies, -DMusicDirectory=/Users/juliaandrade/Music, -DPicturesDirectory=/Users/juliaandrade/Pictures, -DSharedPublicDirectory=/Users/juliaandrade/Public, -DSystemLibraryDirectory=/Library, -DSystemApplicationSupportDirectory=/Library/Application Support, -DSystemCachesDirectory=/Library/Caches, -DSystemApplicationDirectory=/Applications, -DSystemUserDirectory=/Users, -DUserHome=/Users/juliaandrade, -DSandboxEnabled=true, -DDarkMode=false, -DLaunchModifierFlags=0, -DLaunchModifierFlagCapsLock=false, -DLaunchModifierFlagShift=false, -DLaunchModifierFlagControl=false, -DLaunchModifierFlagOption=false, -DLaunchModifierFlagCommand=false, -DLaunchModifierFlagNumericPad=false, -DLaunchModifierFlagHelp=false, -DLaunchModifierFlagFunction=false, -Xms16m, -Djava.library.path=/Applications/astah UML/astah UML.app/Contents/java/lib/rlm, -Dapple.laf.useScreenMenuBar=true, -Xmx1024m]
2023-05-21 23:42:18,597 [AWT-EventQueue-0] JP.co.esm.caddies.jomt.jutil.m <INFO> - stack=5m
2023-05-21 23:42:24,768 [AWT-EventQueue-0] JP.co.esm.caddies.jomt.jsystem.k <INFO> - file: /Users/juliaandrade/.astah/uml/JudeU.properties
2023-05-21 23:42:24,772 [AWT-EventQueue-0] JP.co.esm.caddies.jomt.jutil.JomtUtilities2 <INFO> - file: /Users/juliaandrade/.astah/uml/astah_command.log
2023-05-29 10:56:06,295 [AWT-EventQueue-0] JP.co.esm.caddies.uml.mindmap.MMUserIconManager <INFO> - file: /Users/juliaandrade/.astah/uml/JudeMMUserIconP.xml
2023-05-29 10:56:06,304 [AWT-EventQueue-0] JP.co.esm.caddies.uml.mindmap.MMUserIconManager <INFO> - file: /Users/juliaandrade/.astah/uml/JudeMMUserIconP.xml
2023-05-30 12:07:44,391 [main] JP.co.esm.caddies.jomt.Jude <INFO> - #### === UML 8.5.0 / 39c620 ==============================
2023-05-30 12:07:44,405 [main] JP.co.esm.caddies.jomt.Jude <INFO> - start program args []
2023-05-30 12:07:44,683 [main] JP.co.esm.caddies.jomt.Jude <INFO> - start vm args [-Djava.library.path=/Applications/astah UML/astah UML.app/Contents/MacOS, -DLibraryDirectory=/Users/juliaandrade/Library, -DDocumentsDirectory=/Users/juliaandrade/Documents, -DApplicationSupportDirectory=/Users/juliaandrade/Library/Application Support, -DCachesDirectory=/Users/juliaandrade/Library/Caches, -DApplicationDirectory=/Users/juliaandrade/Applications, -DAutosavedInformationDirectory=/Users/juliaandrade/Library/Autosave Information, -DDesktopDirectory=/Users/juliaandrade/Desktop, -DDownloadsDirectory=/Users/juliaandrade/Downloads, -DMoviesDirectory=/Users/juliaandrade/Movies, -DMusicDirectory=/Users/juliaandrade/Music, -DPicturesDirectory=/Users/juliaandrade/Pictures, -DSharedPublicDirectory=/Users/juliaandrade/Public, -DSystemLibraryDirectory=/Library, -DSystemApplicationSupportDirectory=/Library/Application Support, -DSystemCachesDirectory=/Library/Caches, -DSystemApplicationDirectory=/Applications, -DSystemUserDirectory=/Users, -DUserHome=/Users/juliaandrade, -DSandboxEnabled=true, -DDarkMode=false, -DLaunchModifierFlags=0, -DLaunchModifierFlagCapsLock=false, -DLaunchModifierFlagShift=false, -DLaunchModifierFlagControl=false, -DLaunchModifierFlagOption=false, -DLaunchModifierFlagCommand=false, -DLaunchModifierFlagNumericPad=false, -DLaunchModifierFlagHelp=false, -DLaunchModifierFlagFunction=false, -Xms16m, -Djava.library.path=/Applications/astah UML/astah UML.app/Contents/java/lib/rlm, -Dapple.laf.useScreenMenuBar=true, -Xmx1024m]
2023-05-30 12:07:57,109 [AWT-EventQueue-0] JP.co.esm.caddies.jomt.jsystem.k <INFO> - file: /Users/juliaandrade/.astah/uml/JudeU.properties
2023-05-30 12:07:57,111 [AWT-EventQueue-0] JP.co.esm.caddies.jomt.jutil.JomtUtilities2 <INFO> - file: /Users/juliaandrade/.astah/uml/astah_command.log
2023-05-30 12:07:57,123 [AWT-EventQueue-0] JP.co.esm.caddies.jomt.jutil.m <INFO> - stack=5m
2023-06-02 20:43:35,364 [main] JP.co.esm.caddies.jomt.Jude <INFO> - #### === UML 8.5.0 / 39c620 ==============================
2023-06-02 20:43:35,369 [main] JP.co.esm.caddies.jomt.Jude <INFO> - start program args []
2023-06-02 20:43:35,782 [main] JP.co.esm.caddies.jomt.Jude <INFO> - start vm args [-Djava.library.path=/Applications/astah UML/astah UML.app/Contents/MacOS, -DLibraryDirectory=/Users/juliaandrade/Library, -DDocumentsDirectory=/Users/juliaandrade/Documents, -DApplicationSupportDirectory=/Users/juliaandrade/Library/Application Support, -DCachesDirectory=/Users/juliaandrade/Library/Caches, -DApplicationDirectory=/Users/juliaandrade/Applications, -DAutosavedInformationDirectory=/Users/juliaandrade/Library/Autosave Information, -DDesktopDirectory=/Users/juliaandrade/Desktop, -DDownloadsDirectory=/Users/juliaandrade/Downloads, -DMoviesDirectory=/Users/juliaandrade/Movies, -DMusicDirectory=/Users/juliaandrade/Music, -DPicturesDirectory=/Users/juliaandrade/Pictures, -DSharedPublicDirectory=/Users/juliaandrade/Public, -DSystemLibraryDirectory=/Library, -DSystemApplicationSupportDirectory=/Library/Application Support, -DSystemCachesDirectory=/Library/Caches, -DSystemApplicationDirectory=/Applications, -DSystemUserDirectory=/Users, -DUserHome=/Users/juliaandrade, -DSandboxEnabled=true, -DDarkMode=false, -DLaunchModifierFlags=0, -DLaunchModifierFlagCapsLock=false, -DLaunchModifierFlagShift=false, -DLaunchModifierFlagControl=false, -DLaunchModifierFlagOption=false, -DLaunchModifierFlagCommand=false, -DLaunchModifierFlagNumericPad=false, -DLaunchModifierFlagHelp=false, -DLaunchModifierFlagFunction=false, -Xms16m, -Djava.library.path=/Applications/astah UML/astah UML.app/Contents/java/lib/rlm, -Dapple.laf.useScreenMenuBar=true, -Xmx1024m]
2023-06-02 21:04:38,676 [AWT-EventQueue-0] JP.co.esm.caddies.uml.mindmap.MMUserIconManager <INFO> - file: /Users/juliaandrade/.astah/uml/JudeMMUserIconP.xml
2023-06-02 21:04:38,683 [AWT-EventQueue-0] JP.co.esm.caddies.uml.mindmap.MMUserIconManager <INFO> - file: /Users/juliaandrade/.astah/uml/JudeMMUserIconP.xml
2023-06-02 21:04:38,685 [AWT-EventQueue-0] JP.co.esm.caddies.jomt.jutil.m <INFO> - stack=5m
2023-06-06 04:02:48,074 [main] JP.co.esm.caddies.jomt.Jude <INFO> - #### === UML 8.5.0 / 39c620 ==============================
2023-06-06 04:02:48,079 [main] JP.co.esm.caddies.jomt.Jude <INFO> - start program args []
2023-06-06 04:02:48,494 [main] JP.co.esm.caddies.jomt.Jude <INFO> - start vm args [-Djava.library.path=/Applications/astah UML/astah UML.app/Contents/MacOS, -DLibraryDirectory=/Users/juliaandrade/Library, -DDocumentsDirectory=/Users/juliaandrade/Documents, -DApplicationSupportDirectory=/Users/juliaandrade/Library/Application Support, -DCachesDirectory=/Users/juliaandrade/Library/Caches, -DApplicationDirectory=/Users/juliaandrade/Applications, -DAutosavedInformationDirectory=/Users/juliaandrade/Library/Autosave Information, -DDesktopDirectory=/Users/juliaandrade/Desktop, -DDownloadsDirectory=/Users/juliaandrade/Downloads, -DMoviesDirectory=/Users/juliaandrade/Movies, -DMusicDirectory=/Users/juliaandrade/Music, -DPicturesDirectory=/Users/juliaandrade/Pictures, -DSharedPublicDirectory=/Users/juliaandrade/Public, -DSystemLibraryDirectory=/Library, -DSystemApplicationSupportDirectory=/Library/Application Support, -DSystemCachesDirectory=/Library/Caches, -DSystemApplicationDirectory=/Applications, -DSystemUserDirectory=/Users, -DUserHome=/Users/juliaandrade, -DSandboxEnabled=true, -DDarkMode=false, -DLaunchModifierFlags=0, -DLaunchModifierFlagCapsLock=false, -DLaunchModifierFlagShift=false, -DLaunchModifierFlagControl=false, -DLaunchModifierFlagOption=false, -DLaunchModifierFlagCommand=false, -DLaunchModifierFlagNumericPad=false, -DLaunchModifierFlagHelp=false, -DLaunchModifierFlagFunction=false, -Xms16m, -Djava.library.path=/Applications/astah UML/astah UML.app/Contents/java/lib/rlm, -Dapple.laf.useScreenMenuBar=true, -Xmx1024m]
2023-06-06 04:03:32,448 [AWT-EventQueue-0] JP.co.esm.caddies.jomt.jutil.m <INFO> - stack=5m
2023-06-06 04:05:01,162 [AWT-EventQueue-0] JP.co.esm.caddies.golf.model.EntityStore <INFO> - saveAs: /Applications/astah UML/Sample.asta
2023-06-06 04:05:01,373 [AWT-EventQueue-0] JP.co.esm.caddies.uml.mindmap.MMUserIconManager <INFO> - file: /Users/juliaandrade/.astah/uml/JudeMMUserIconP.xml
2023-06-06 04:05:01,377 [AWT-EventQueue-0] JP.co.esm.caddies.uml.mindmap.MMUserIconManager <INFO> - file: /Users/juliaandrade/.astah/uml/JudeMMUserIconP.xml
2023-06-07 17:09:15,107 [AWT-EventQueue-0] JP.co.esm.caddies.golf.model.EntityStore <INFO> - saveAs: /Applications/astah UML/Sample.asta
2023-06-08 01:04:04,174 [AWT-EventQueue-0] JP.co.esm.caddies.golf.model.EntityStore <INFO> - saveAs: /Applications/astah UML/Sample.asta
2023-06-08 01:04:18,375 [AWT-EventQueue-0] JP.co.esm.caddies.golf.model.EntityStore <INFO> - saveAs: /Applications/astah UML/Sample.asta
2023-06-08 01:04:19,456 [AWT-EventQueue-0] JP.co.esm.caddies.golf.model.EntityStore <INFO> - saveAs: /Applications/astah UML/Sample.asta
2023-06-08 01:04:21,331 [AWT-EventQueue-0] JP.co.esm.caddies.golf.model.EntityStore <INFO> - saveAs: /Applications/astah UML/Sample.asta
2023-06-08 01:04:23,697 [AWT-EventQueue-0] JP.co.esm.caddies.uml.mindmap.MMUserIconManager <INFO> - file: /Users/juliaandrade/.astah/uml/JudeMMUserIconP.xml
2023-06-08 01:04:23,700 [AWT-EventQueue-0] JP.co.esm.caddies.uml.mindmap.MMUserIconManager <INFO> - file: /Users/juliaandrade/.astah/uml/JudeMMUserIconP.xml
2023-06-08 01:04:23,731 [AWT-EventQueue-0] JP.co.esm.caddies.jomt.jsystem.k <INFO> - file: /Users/juliaandrade/.astah/uml/JudeU.properties
2023-06-08 01:04:23,740 [AWT-EventQueue-0] JP.co.esm.caddies.jomt.jutil.JomtUtilities2 <INFO> - file: /Users/juliaandrade/.astah/uml/astah_command.log
2023-08-10 19:30:20,563 [main] JP.co.esm.caddies.jomt.Jude <INFO> - #### === UML 8.5.0 / 39c620 ==============================
2023-08-10 19:30:20,567 [main] JP.co.esm.caddies.jomt.Jude <INFO> - start program args []
2023-08-10 19:30:20,888 [main] JP.co.esm.caddies.jomt.Jude <INFO> - start vm args [-Djava.library.path=/Applications/astah UML/astah UML.app/Contents/MacOS, -DLibraryDirectory=/Users/juliaandrade/Library, -DDocumentsDirectory=/Users/juliaandrade/Documents, -DApplicationSupportDirectory=/Users/juliaandrade/Library/Application Support, -DCachesDirectory=/Users/juliaandrade/Library/Caches, -DApplicationDirectory=/Users/juliaandrade/Applications, -DAutosavedInformationDirectory=/Users/juliaandrade/Library/Autosave Information, -DDesktopDirectory=/Users/juliaandrade/Desktop, -DDownloadsDirectory=/Users/juliaandrade/Downloads, -DMoviesDirectory=/Users/juliaandrade/Movies, -DMusicDirectory=/Users/juliaandrade/Music, -DPicturesDirectory=/Users/juliaandrade/Pictures, -DSharedPublicDirectory=/Users/juliaandrade/Public, -DSystemLibraryDirectory=/Library, -DSystemApplicationSupportDirectory=/Library/Application Support, -DSystemCachesDirectory=/Library/Caches, -DSystemApplicationDirectory=/Applications, -DSystemUserDirectory=/Users, -DUserHome=/Users/juliaandrade, -DSandboxEnabled=true, -DDarkMode=false, -DLaunchModifierFlags=0, -DLaunchModifierFlagCapsLock=false, -DLaunchModifierFlagShift=false, -DLaunchModifierFlagControl=false, -DLaunchModifierFlagOption=false, -DLaunchModifierFlagCommand=false, -DLaunchModifierFlagNumericPad=false, -DLaunchModifierFlagHelp=false, -DLaunchModifierFlagFunction=false, -Xms16m, -Djava.library.path=/Applications/astah UML/astah UML.app/Contents/java/lib/rlm, -Dapple.laf.useScreenMenuBar=true, -Xmx1024m]
2023-08-10 20:36:06,612 [AWT-EventQueue-0] JP.co.esm.caddies.golf.model.EntityStore <INFO> - saveAs: /Applications/astah UML/pesquisa.asta
2023-08-10 20:36:06,618 [AWT-EventQueue-0] JP.co.esm.caddies.jomt.jutil.m <INFO> - stack=5m
2023-08-10 20:36:06,699 [AWT-EventQueue-0] JP.co.esm.caddies.uml.mindmap.MMUserIconManager <INFO> - file: /Users/juliaandrade/.astah/uml/JudeMMUserIconP.xml
2023-08-10 20:36:06,706 [AWT-EventQueue-0] JP.co.esm.caddies.uml.mindmap.MMUserIconManager <INFO> - file: /Users/juliaandrade/.astah/uml/JudeMMUserIconP.xml
2023-08-10 20:36:08,547 [AWT-EventQueue-0] JP.co.esm.caddies.uml.mindmap.MMUserIconManager <INFO> - file: /Users/juliaandrade/.astah/uml/JudeMMUserIconP.xml
2023-08-10 20:36:08,548 [AWT-EventQueue-0] JP.co.esm.caddies.uml.mindmap.MMUserIconManager <INFO> - file: /Users/juliaandrade/.astah/uml/JudeMMUserIconP.xml
2023-08-10 20:36:08,584 [AWT-EventQueue-0] JP.co.esm.caddies.jomt.jsystem.k <INFO> - file: /Users/juliaandrade/.astah/uml/JudeU.properties
2023-08-10 20:36:08,587 [AWT-EventQueue-0] JP.co.esm.caddies.jomt.jutil.JomtUtilities2 <INFO> - file: /Users/juliaandrade/.astah/uml/astah_command.log
2023-08-24 19:05:20,396 [AWT-EventQueue-0] JP.co.esm.caddies.jomt.MacJude <INFO> - start MacJude
2023-08-24 19:05:20,435 [main] JP.co.esm.caddies.jomt.Jude <INFO> - #### === UML 8.5.0 / 39c620 ==============================
2023-08-24 19:05:20,436 [main] JP.co.esm.caddies.jomt.Jude <INFO> - start program args []
2023-08-24 19:05:20,645 [main] JP.co.esm.caddies.jomt.Jude <INFO> - start vm args [-Djava.library.path=/Applications/astah UML/astah UML.app/Contents/MacOS, -DLibraryDirectory=/Users/juliaandrade/Library, -DDocumentsDirectory=/Users/juliaandrade/Documents, -DApplicationSupportDirectory=/Users/juliaandrade/Library/Application Support, -DCachesDirectory=/Users/juliaandrade/Library/Caches, -DApplicationDirectory=/Users/juliaandrade/Applications, -DAutosavedInformationDirectory=/Users/juliaandrade/Library/Autosave Information, -DDesktopDirectory=/Users/juliaandrade/Desktop, -DDownloadsDirectory=/Users/juliaandrade/Downloads, -DMoviesDirectory=/Users/juliaandrade/Movies, -DMusicDirectory=/Users/juliaandrade/Music, -DPicturesDirectory=/Users/juliaandrade/Pictures, -DSharedPublicDirectory=/Users/juliaandrade/Public, -DSystemLibraryDirectory=/Library, -DSystemApplicationSupportDirectory=/Library/Application Support, -DSystemCachesDirectory=/Library/Caches, -DSystemApplicationDirectory=/Applications, -DSystemUserDirectory=/Users, -DUserHome=/Users/juliaandrade, -DSandboxEnabled=true, -DDarkMode=false, -DLaunchModifierFlags=0, -DLaunchModifierFlagCapsLock=false, -DLaunchModifierFlagShift=false, -DLaunchModifierFlagControl=false, -DLaunchModifierFlagOption=false, -DLaunchModifierFlagCommand=false, -DLaunchModifierFlagNumericPad=false, -DLaunchModifierFlagHelp=false, -DLaunchModifierFlagFunction=false, -Xms16m, -Djava.library.path=/Applications/astah UML/astah UML.app/Contents/java/lib/rlm, -Dapple.laf.useScreenMenuBar=true, -Xmx1024m]
2023-08-24 19:05:23,260 [AWT-EventQueue-0] JP.co.esm.caddies.jomt.MacJude <INFO> - start MacJude
2023-08-24 19:05:23,274 [AWT-EventQueue-0] JP.co.esm.caddies.jomt.jutil.m <INFO> - stack=5m
2023-08-24 19:05:52,821 [AWT-EventQueue-0] JP.co.esm.caddies.uml.mindmap.MMUserIconManager <INFO> - file: /Users/juliaandrade/.astah/uml/JudeMMUserIconP.xml
2023-08-24 19:05:52,831 [AWT-EventQueue-0] JP.co.esm.caddies.uml.mindmap.MMUserIconManager <INFO> - file: /Users/juliaandrade/.astah/uml/JudeMMUserIconP.xml
2023-08-24 19:05:52,889 [AWT-EventQueue-0] JP.co.esm.caddies.jomt.jsystem.k <INFO> - file: /Users/juliaandrade/.astah/uml/JudeU.properties
2023-08-24 19:05:52,892 [AWT-EventQueue-0] JP.co.esm.caddies.jomt.jutil.JomtUtilities2 <INFO> - file: /Users/juliaandrade/.astah/uml/astah_command.log
2023-08-24 19:06:22,211 [AWT-EventQueue-0] JP.co.esm.caddies.jomt.MacJude <INFO> - start MacJude
2023-08-24 19:06:22,250 [main] JP.co.esm.caddies.jomt.Jude <INFO> - #### === UML 8.5.0 / 39c620 ==============================
2023-08-24 19:06:22,250 [main] JP.co.esm.caddies.jomt.Jude <INFO> - start program args []
2023-08-24 19:06:22,264 [main] JP.co.esm.caddies.jomt.Jude <INFO> - start vm args [-Djava.library.path=/Applications/astah UML/astah UML.app/Contents/MacOS, -DLibraryDirectory=/Users/juliaandrade/Library, -DDocumentsDirectory=/Users/juliaandrade/Documents, -DApplicationSupportDirectory=/Users/juliaandrade/Library/Application Support, -DCachesDirectory=/Users/juliaandrade/Library/Caches, -DApplicationDirectory=/Users/juliaandrade/Applications, -DAutosavedInformationDirectory=/Users/juliaandrade/Library/Autosave Information, -DDesktopDirectory=/Users/juliaandrade/Desktop, -DDownloadsDirectory=/Users/juliaandrade/Downloads, -DMoviesDirectory=/Users/juliaandrade/Movies, -DMusicDirectory=/Users/juliaandrade/Music, -DPicturesDirectory=/Users/juliaandrade/Pictures, -DSharedPublicDirectory=/Users/juliaandrade/Public, -DSystemLibraryDirectory=/Library, -DSystemApplicationSupportDirectory=/Library/Application Support, -DSystemCachesDirectory=/Library/Caches, -DSystemApplicationDirectory=/Applications, -DSystemUserDirectory=/Users, -DUserHome=/Users/juliaandrade, -DSandboxEnabled=true, -DDarkMode=false, -DLaunchModifierFlags=0, -DLaunchModifierFlagCapsLock=false, -DLaunchModifierFlagShift=false, -DLaunchModifierFlagControl=false, -DLaunchModifierFlagOption=false, -DLaunchModifierFlagCommand=false, -DLaunchModifierFlagNumericPad=false, -DLaunchModifierFlagHelp=false, -DLaunchModifierFlagFunction=false, -Xms16m, -Djava.library.path=/Applications/astah UML/astah UML.app/Contents/java/lib/rlm, -Dapple.laf.useScreenMenuBar=true, -Xmx1024m]
2023-08-24 19:06:24,360 [AWT-EventQueue-0] JP.co.esm.caddies.jomt.jutil.m <INFO> - stack=5m
2023-08-24 19:06:36,087 [AWT-EventQueue-0] JP.co.esm.caddies.uml.mindmap.MMUserIconManager <INFO> - file: /Users/juliaandrade/.astah/uml/JudeMMUserIconP.xml
2023-08-24 19:06:36,094 [AWT-EventQueue-0] JP.co.esm.caddies.uml.mindmap.MMUserIconManager <INFO> - file: /Users/juliaandrade/.astah/uml/JudeMMUserIconP.xml
2023-08-24 19:06:36,149 [AWT-EventQueue-0] JP.co.esm.caddies.jomt.jsystem.k <INFO> - file: /Users/juliaandrade/.astah/uml/JudeU.properties
2023-08-24 19:06:36,151 [AWT-EventQueue-0] JP.co.esm.caddies.jomt.jutil.JomtUtilities2 <INFO> - file: /Users/juliaandrade/.astah/uml/astah_command.log
